============================= test session starts =============================
platform win32 -- Python 3.13.11, pytest-9.0.3, pluggy-1.5.0 -- C:\Users\Rama Dev\miniconda3\python.exe
cachedir: .pytest_cache
rootdir: E:\Kampus File\SMST 6\STKI D\UAS\backend
plugins: anyio-4.12.0, asyncio-1.3.0, mock-3.15.1
asyncio: mode=Mode.STRICT, debug=False, asyncio_default_fixture_loop_scope=None, asyncio_default_test_loop_scope=function
collecting ... collected 520 items

tests/test_answer_generator.py::TestSelectChunks::test_empty_input_returns_empty PASSED [  0%]
tests/test_answer_generator.py::TestSelectChunks::test_single_chunk_within_budget PASSED [  0%]
tests/test_answer_generator.py::TestSelectChunks::test_chunks_sorted_by_fused_score_descending PASSED [  0%]
tests/test_answer_generator.py::TestSelectChunks::test_stops_before_exceeding_budget PASSED [  0%]
tests/test_answer_generator.py::TestSelectChunks::test_first_chunk_truncated_when_exceeds_budget PASSED [  0%]
tests/test_answer_generator.py::TestSelectChunks::test_multiple_chunks_accumulate_tokens PASSED [  1%]
tests/test_answer_generator.py::TestBuildContextPrompt::test_includes_system_instruction PASSED [  1%]
tests/test_answer_generator.py::TestBuildContextPrompt::test_includes_question PASSED [  1%]
tests/test_answer_generator.py::TestBuildContextPrompt::test_labels_chunks_with_source_n_format PASSED [  1%]
tests/test_answer_generator.py::TestBuildContextPrompt::test_includes_file_path_and_metadata PASSED [  1%]
tests/test_answer_generator.py::TestBuildContextPrompt::test_includes_chunk_content_in_code_block PASSED [  2%]
tests/test_answer_generator.py::TestBuildContextPrompt::test_empty_chunks_produces_minimal_prompt PASSED [  2%]
tests/test_answer_generator.py::TestBuildContextPrompt::test_function_name_none_shows_na PASSED [  2%]
tests/test_answer_generator.py::TestBuildContextPrompt::test_citation_instruction_present PASSED [  2%]
tests/test_answer_generator.py::TestBuildContextPrompt::test_only_use_provided_sources_instruction PASSED [  2%]
tests/test_answer_generator.py::TestTruncateToFit::test_content_within_budget_unchanged PASSED [  3%]
tests/test_answer_generator.py::TestTruncateToFit::test_long_content_is_truncated PASSED [  3%]
tests/test_answer_generator.py::TestTruncateToFit::test_truncated_is_prefix_of_original PASSED [  3%]
tests/test_answer_generator.py::TestIntegration::test_select_then_build_prompt PASSED [  3%]
tests/test_answer_generator.py::TestExtractSources::test_no_citations_returns_empty_with_zero_confidence PASSED [  3%]
tests/test_answer_generator.py::TestExtractSources::test_single_valid_citation PASSED [  4%]
tests/test_answer_generator.py::TestExtractSources::test_multiple_valid_citations PASSED [  4%]
tests/test_answer_generator.py::TestExtractSources::test_invalid_citation_index_too_high PASSED [  4%]
tests/test_answer_generator.py::TestExtractSources::test_invalid_citation_index_zero PASSED [  4%]
tests/test_answer_generator.py::TestExtractSources::test_duplicate_citations_counted_correctly PASSED [  4%]
tests/test_answer_generator.py::TestExtractSources::test_mixed_valid_and_invalid_citations PASSED [  5%]
tests/test_answer_generator.py::TestExtractSources::test_snippet_truncated_to_200_chars PASSED [  5%]
tests/test_answer_generator.py::TestExtractSources::test_function_name_none_preserved PASSED [  5%]
tests/test_answer_generator.py::TestExtractSources::test_empty_answer_text PASSED [  5%]
tests/test_answer_generator.py::TestExtractSources::test_empty_chunks_list_all_citations_invalid PASSED [  5%]
tests/test_answer_generator.py::TestExtractSources::test_relevance_uses_fused_score PASSED [  5%]
tests/test_answer_generator.py::TestExtractSources::test_source_references_are_valid_models PASSED [  6%]
tests/test_answer_generator.py::TestGenerateAnswer::test_empty_chunks_returns_no_sources_answer PASSED [  6%]
tests/test_answer_generator.py::TestGenerateAnswer::test_successful_llm_generation PASSED [  6%]
tests/test_answer_generator.py::TestGenerateAnswer::test_llm_failure_returns_fallback PASSED [  6%]
tests/test_answer_generator.py::TestGenerateAnswer::test_no_llm_client_returns_fallback PASSED [  6%]
tests/test_answer_generator.py::TestGenerateAnswer::test_metadata_includes_token_count PASSED [  7%]
tests/test_answer_generator.py::TestGenerateAnswer::test_multiple_chunks_all_cited PASSED [  7%]
tests/test_answer_generator.py::TestCallLlmWithRetry::test_success_on_first_attempt PASSED [  7%]
tests/test_answer_generator.py::TestCallLlmWithRetry::test_success_on_second_attempt PASSED [  7%]
tests/test_answer_generator.py::TestCallLlmWithRetry::test_success_on_third_attempt PASSED [  7%]
tests/test_answer_generator.py::TestCallLlmWithRetry::test_all_retries_exhausted_returns_none PASSED [  8%]
tests/test_answer_generator.py::TestCallLlmWithRetry::test_exponential_backoff_delays PASSED [  8%]
tests/test_answer_generator.py::TestCallLlmWithRetry::test_no_llm_client_returns_none_immediately PASSED [  8%]
tests/test_answer_generator.py::TestBuildFallbackAnswer::test_single_chunk_fallback PASSED [  8%]
tests/test_answer_generator.py::TestBuildFallbackAnswer::test_multiple_chunks_fallback PASSED [  8%]
tests/test_answer_generator.py::TestBuildFallbackAnswer::test_snippet_truncated_to_200_chars PASSED [  9%]
tests/test_api_routes.py::TestQueryEndpointAuthentication::test_missing_api_key_returns_422 PASSED [  9%]
tests/test_api_routes.py::TestQueryEndpointAuthentication::test_valid_api_key_allows_request PASSED [  9%]
tests/test_api_routes.py::TestQueryEndpointAuthentication::test_empty_api_key_returns_401 PASSED [  9%]
tests/test_api_routes.py::TestQueryEndpointAuthentication::test_whitespace_only_api_key_returns_401 PASSED [  9%]
tests/test_api_routes.py::TestQueryEndpointValidation::test_empty_question_rejected PASSED [ 10%]
tests/test_api_routes.py::TestQueryEndpointValidation::test_question_exceeds_1000_chars_rejected PASSED [ 10%]
tests/test_api_routes.py::TestQueryEndpointValidation::test_question_exactly_1000_chars_accepted PASSED [ 10%]
tests/test_api_routes.py::TestQueryEndpointValidation::test_question_exceeds_2000_chars_rejected PASSED [ 10%]
tests/test_api_routes.py::TestQueryEndpointValidation::test_valid_short_question PASSED [ 10%]
tests/test_api_routes.py::TestQueryEndpointValidation::test_special_characters_are_escaped PASSED [ 10%]
tests/test_api_routes.py::TestQueryEndpointResponse::test_response_has_required_fields PASSED [ 11%]
tests/test_api_routes.py::TestQueryEndpointResponse::test_confidence_is_float PASSED [ 11%]
tests/test_api_routes.py::TestQueryEndpointResponse::test_sources_is_list PASSED [ 11%]
tests/test_api_routes.py::TestQueryEndpointResponse::test_metadata_is_dict PASSED [ 11%]
tests/test_api_routes.py::TestQueryEndpointFilters::test_query_with_language_filter PASSED [ 11%]
tests/test_api_routes.py::TestQueryEndpointFilters::test_query_with_paths_filter PASSED [ 12%]
tests/test_api_routes.py::TestQueryEndpointFilters::test_query_with_repo_ids_filter PASSED [ 12%]
tests/test_api_routes.py::TestQueryEndpointFilters::test_query_without_filters PASSED [ 12%]
tests/test_api_routes.py::TestQueryEndpointFilters::test_query_with_null_filters PASSED [ 12%]
tests/test_api_routes.py::TestIngestEndpointAuthentication::test_missing_api_key_returns_422 PASSED [ 12%]
tests/test_api_routes.py::TestIngestEndpointAuthentication::test_valid_api_key_allows_request PASSED [ 13%]
tests/test_api_routes.py::TestIngestEndpointAuthentication::test_empty_api_key_returns_401 PASSED [ 13%]
tests/test_api_routes.py::TestIngestEndpointValidation::test_empty_repository_path_rejected PASSED [ 13%]
tests/test_api_routes.py::TestIngestEndpointValidation::test_valid_repository_path_accepted PASSED [ 13%]
tests/test_api_routes.py::TestIngestEndpointResponse::test_response_has_required_fields PASSED [ 13%]
tests/test_api_routes.py::TestIngestEndpointResponse::test_response_status_is_accepted PASSED [ 14%]
tests/test_bm25_engine.py::TestBM25EngineInit::test_default_parameters PASSED [ 14%]
tests/test_bm25_engine.py::TestBM25EngineInit::test_custom_parameters PASSED [ 14%]
tests/test_bm25_engine.py::TestBM25EngineInit::test_invalid_k1_zero PASSED [ 14%]
tests/test_bm25_engine.py::TestBM25EngineInit::test_invalid_k1_negative PASSED [ 14%]
tests/test_bm25_engine.py::TestBM25EngineInit::test_invalid_b_negative PASSED [ 15%]
tests/test_bm25_engine.py::TestBM25EngineInit::test_invalid_b_above_one PASSED [ 15%]
tests/test_bm25_engine.py::TestBM25EngineInit::test_b_boundary_zero PASSED [ 15%]
tests/test_bm25_engine.py::TestBM25EngineInit::test_b_boundary_one PASSED [ 15%]
tests/test_bm25_engine.py::TestBM25EngineBuildIndex::test_build_index_empty_list PASSED [ 15%]
tests/test_bm25_engine.py::TestBM25EngineBuildIndex::test_build_index_single_chunk PASSED [ 15%]
tests/test_bm25_engine.py::TestBM25EngineBuildIndex::test_build_index_multiple_chunks PASSED [ 16%]
tests/test_bm25_engine.py::TestBM25EngineBuildIndex::test_build_index_replaces_existing PASSED [ 16%]
tests/test_bm25_engine.py::TestBM25EngineBuildIndex::test_build_index_no_duplicate_ids PASSED [ 16%]
tests/test_bm25_engine.py::TestBM25EngineAddToIndex::test_add_to_empty_index PASSED [ 16%]
tests/test_bm25_engine.py::TestBM25EngineAddToIndex::test_add_to_existing_index PASSED [ 16%]
tests/test_bm25_engine.py::TestBM25EngineAddToIndex::test_add_multiple_batches PASSED [ 17%]
tests/test_bm25_engine.py::TestBM25EngineAddToIndex::test_add_duplicate_id_skipped PASSED [ 17%]
tests/test_bm25_engine.py::TestBM25EngineAddToIndex::test_add_makes_chunks_searchable PASSED [ 17%]
tests/test_bm25_engine.py::TestBM25EngineSearch::test_empty_query_returns_empty PASSED [ 17%]
tests/test_bm25_engine.py::TestBM25EngineSearch::test_empty_index_returns_empty PASSED [ 17%]
tests/test_bm25_engine.py::TestBM25EngineSearch::test_no_matching_tokens_returns_empty PASSED [ 18%]
tests/test_bm25_engine.py::TestBM25EngineSearch::test_basic_search_returns_matching_chunk PASSED [ 18%]
tests/test_bm25_engine.py::TestBM25EngineSearch::test_search_results_sorted_descending PASSED [ 18%]
tests/test_bm25_engine.py::TestBM25EngineSearch::test_search_respects_top_k PASSED [ 18%]
tests/test_bm25_engine.py::TestBM25EngineSearch::test_search_returns_scored_chunks PASSED [ 18%]
tests/test_bm25_engine.py::TestBM25EngineSearch::test_multiple_query_tokens PASSED [ 19%]
tests/test_bm25_engine.py::TestBM25Scoring::test_score_zero_when_no_query_tokens_in_document PASSED [ 19%]
tests/test_bm25_engine.py::TestBM25Scoring::test_all_scores_non_negative PASSED [ 19%]
tests/test_bm25_engine.py::TestBM25Scoring::test_higher_tf_gets_higher_score PASSED [ 19%]
tests/test_bm25_engine.py::TestBM25Scoring::test_idf_weighting PASSED    [ 19%]
tests/test_bm25_engine.py::TestBM25Scoring::test_bm25_formula_manual_verification PASSED [ 20%]
tests/test_bm25_engine.py::TestBM25EngineEdgeCases::test_single_document_index PASSED [ 20%]
tests/test_bm25_engine.py::TestBM25EngineEdgeCases::test_large_top_k_with_few_documents PASSED [ 20%]
tests/test_bm25_engine.py::TestBM25EngineEdgeCases::test_camel_case_tokenization_in_search PASSED [ 20%]
tests/test_bm25_engine.py::TestBM25EngineEdgeCases::test_snake_case_tokenization_in_search PASSED [ 20%]
tests/test_bm25_engine.py::TestBM25EngineEdgeCases::test_dot_notation_tokenization_in_search PASSED [ 20%]
tests/test_bm25_engine.py::TestBM25EngineEdgeCases::test_search_with_special_characters_in_query PASSED [ 21%]
tests/test_bm25_engine.py::TestBM25EngineEdgeCases::test_avg_doc_length_computed_correctly PASSED [ 21%]
tests/test_bm25_engine.py::TestBM25EngineEdgeCases::test_corpus_stats_after_incremental_add PASSED [ 21%]
tests/test_chunker.py::TestChunkFilePython::test_detects_python_functions PASSED [ 21%]
tests/test_chunker.py::TestChunkFilePython::test_detects_python_class PASSED [ 21%]
tests/test_chunker.py::TestChunkFilePython::test_chunk_coverage_python PASSED [ 22%]
tests/test_chunker.py::TestChunkFilePython::test_file_path_stored_correctly PASSED [ 22%]
tests/test_chunker.py::TestChunkFilePython::test_language_stored_correctly PASSED [ 22%]
tests/test_chunker.py::TestChunkFilePython::test_repo_id_stored_correctly PASSED [ 22%]
tests/test_chunker.py::TestChunkFilePython::test_imports_in_metadata PASSED [ 22%]
tests/test_chunker.py::TestChunkFilePython::test_single_function_file PASSED [ 23%]
tests/test_chunker.py::TestChunkFilePython::test_start_line_before_end_line PASSED [ 23%]
tests/test_chunker.py::TestChunkFileTypeScript::test_detects_typescript_class PASSED [ 23%]
tests/test_chunker.py::TestChunkFileTypeScript::test_detects_typescript_function PASSED [ 23%]
tests/test_chunker.py::TestChunkFileTypeScript::test_chunk_coverage_typescript PASSED [ 23%]
tests/test_chunker.py::TestChunkFileJavaScript::test_detects_javascript_function PASSED [ 24%]
tests/test_chunker.py::TestChunkFileJavaScript::test_detects_javascript_class PASSED [ 24%]
tests/test_chunker.py::TestChunkFileGo::test_detects_go_functions PASSED [ 24%]
tests/test_chunker.py::TestChunkFileGo::test_detects_go_struct PASSED    [ 24%]
tests/test_chunker.py::TestChunkFileGo::test_chunk_coverage_go PASSED    [ 24%]
tests/test_chunker.py::TestChunkFilePHP::test_detects_php_class PASSED   [ 25%]
tests/test_chunker.py::TestChunkFilePHP::test_detects_php_function PASSED [ 25%]
tests/test_chunker.py::TestChunkCoverage::test_every_line_covered_simple PASSED [ 25%]
tests/test_chunker.py::TestChunkCoverage::test_coverage_with_no_patterns_match PASSED [ 25%]
tests/test_chunker.py::TestOversizedChunkSplitting::test_splits_large_chunk PASSED [ 25%]
tests/test_chunker.py::TestOversizedChunkSplitting::test_split_chunks_dont_exceed_max PASSED [ 25%]
tests/test_chunker.py::TestOversizedChunkSplitting::test_split_preserves_parent_id PASSED [ 26%]
tests/test_chunker.py::TestOversizedChunkSplitting::test_overlap_between_splits PASSED [ 26%]
tests/test_chunker.py::TestFallbackBehavior::test_empty_content_returns_empty PASSED [ 26%]
tests/test_chunker.py::TestFallbackBehavior::test_whitespace_only_returns_empty PASSED [ 26%]
tests/test_chunker.py::TestFallbackBehavior::test_unsupported_language_falls_back PASSED [ 26%]
tests/test_chunker.py::TestFallbackBehavior::test_fallback_covers_all_content PASSED [ 27%]
tests/test_chunker.py::TestFileMetadata::test_python_imports_extracted PASSED [ 27%]
tests/test_chunker.py::TestFileMetadata::test_function_signatures_in_metadata PASSED [ 27%]
tests/test_chunker.py::TestFileMetadata::test_language_case_insensitive PASSED [ 27%]
tests/test_chunker.py::TestEdgeCases::test_file_with_only_comments PASSED [ 27%]
tests/test_chunker.py::TestEdgeCases::test_file_with_single_line PASSED  [ 28%]
tests/test_chunker.py::TestEdgeCases::test_deeply_nested_code PASSED     [ 28%]
tests/test_chunker.py::TestEdgeCases::test_unique_chunk_ids PASSED       [ 28%]
tests/test_chunker.py::TestEdgeCases::test_configurable_max_chunk_size PASSED [ 28%]
tests/test_chunker.py::TestEdgeCases::test_configurable_overlap PASSED   [ 28%]
tests/test_chunker.py::TestEdgeCases::test_chunk_content_non_empty PASSED [ 29%]
tests/test_code_tokenizer.py::TestCamelCaseSplitting::test_simple_camel_case PASSED [ 29%]
tests/test_code_tokenizer.py::TestCamelCaseSplitting::test_camel_case_preserves_original PASSED [ 29%]
tests/test_code_tokenizer.py::TestCamelCaseSplitting::test_two_word_camel_case PASSED [ 29%]
tests/test_code_tokenizer.py::TestCamelCaseSplitting::test_multiple_camel_case_words PASSED [ 29%]
tests/test_code_tokenizer.py::TestCamelCaseSplitting::test_camel_case_in_expression PASSED [ 30%]
tests/test_code_tokenizer.py::TestSnakeCaseSplitting::test_simple_snake_case PASSED [ 30%]
tests/test_code_tokenizer.py::TestSnakeCaseSplitting::test_snake_case_preserves_original PASSED [ 30%]
tests/test_code_tokenizer.py::TestSnakeCaseSplitting::test_two_word_snake_case PASSED [ 30%]
tests/test_code_tokenizer.py::TestSnakeCaseSplitting::test_multiple_snake_case_words PASSED [ 30%]
tests/test_code_tokenizer.py::TestDotNotationSplitting::test_simple_dot_notation PASSED [ 30%]
tests/test_code_tokenizer.py::TestDotNotationSplitting::test_dot_notation_preserves_original PASSED [ 31%]
tests/test_code_tokenizer.py::TestDotNotationSplitting::test_two_part_dot_notation PASSED [ 31%]
tests/test_code_tokenizer.py::TestDotNotationSplitting::test_long_dot_notation PASSED [ 31%]
tests/test_code_tokenizer.py::TestFullIdentifierPreservation::test_camel_case_original_preserved PASSED [ 31%]
tests/test_code_tokenizer.py::TestFullIdentifierPreservation::test_snake_case_original_preserved PASSED [ 31%]
tests/test_code_tokenizer.py::TestFullIdentifierPreservation::test_dot_notation_original_preserved PASSED [ 32%]
tests/test_code_tokenizer.py::TestFullIdentifierPreservation::test_plain_word_preserved PASSED [ 32%]
tests/test_code_tokenizer.py::TestFullIdentifierPreservation::test_multiple_identifiers_all_preserved PASSED [ 32%]
tests/test_code_tokenizer.py::TestLowercaseAndDeduplication::test_all_tokens_lowercase PASSED [ 32%]
tests/test_code_tokenizer.py::TestLowercaseAndDeduplication::test_no_duplicates PASSED [ 32%]
tests/test_code_tokenizer.py::TestLowercaseAndDeduplication::test_order_preserved PASSED [ 33%]
tests/test_code_tokenizer.py::TestLowercaseAndDeduplication::test_mixed_case_deduplicates PASSED [ 33%]
tests/test_code_tokenizer.py::TestSingleCharExclusion::test_single_char_variables_excluded PASSED [ 33%]
tests/test_code_tokenizer.py::TestSingleCharExclusion::test_single_char_from_splitting_excluded PASSED [ 33%]
tests/test_code_tokenizer.py::TestSingleCharExclusion::test_two_char_tokens_included PASSED [ 33%]
tests/test_code_tokenizer.py::TestSingleCharExclusion::test_empty_string_from_punctuation_excluded PASSED [ 34%]
tests/test_code_tokenizer.py::TestTokenizationDeterminism::test_same_input_same_output PASSED [ 34%]
tests/test_code_tokenizer.py::TestTokenizationDeterminism::test_determinism_over_many_calls PASSED [ 34%]
tests/test_code_tokenizer.py::TestTokenizationDeterminism::test_language_param_does_not_affect_output PASSED [ 34%]
tests/test_code_tokenizer.py::TestEdgeCases::test_empty_string PASSED    [ 34%]
tests/test_code_tokenizer.py::TestEdgeCases::test_whitespace_only PASSED [ 35%]
tests/test_code_tokenizer.py::TestEdgeCases::test_only_punctuation PASSED [ 35%]
tests/test_code_tokenizer.py::TestEdgeCases::test_only_single_chars PASSED [ 35%]
tests/test_code_tokenizer.py::TestEdgeCases::test_numbers_preserved PASSED [ 35%]
tests/test_code_tokenizer.py::TestEdgeCases::test_all_uppercase_identifier PASSED [ 35%]
tests/test_code_tokenizer.py::TestEdgeCases::test_mixed_conventions PASSED [ 35%]
tests/test_code_tokenizer.py::TestEdgeCases::test_code_snippet PASSED    [ 36%]
tests/test_code_tokenizer.py::TestEdgeCases::test_consecutive_uppercase PASSED [ 36%]
tests/test_code_tokenizer.py::TestEdgeCases::test_camel_case_with_acronym_followed_by_word PASSED [ 36%]
tests/test_code_tokenizer.py::TestEdgeCases::test_return_type_is_list PASSED [ 36%]
tests/test_code_tokenizer.py::TestEdgeCases::test_no_empty_tokens PASSED [ 36%]
tests/test_code_tokenizer.py::TestRealWorldExamples::test_python_function_definition PASSED [ 37%]
tests/test_code_tokenizer.py::TestRealWorldExamples::test_typescript_class_method PASSED [ 37%]
tests/test_code_tokenizer.py::TestRealWorldExamples::test_import_statement PASSED [ 37%]
tests/test_code_tokenizer.py::TestRealWorldExamples::test_go_package_path PASSED [ 37%]
tests/test_evaluation.py::TestPrecisionAtK::test_perfect_precision_at_1 PASSED [ 37%]
tests/test_evaluation.py::TestPrecisionAtK::test_zero_precision_at_1 PASSED [ 38%]
tests/test_evaluation.py::TestPrecisionAtK::test_precision_at_3_partial PASSED [ 38%]
tests/test_evaluation.py::TestPrecisionAtK::test_precision_at_5 PASSED   [ 38%]
tests/test_evaluation.py::TestPrecisionAtK::test_precision_at_10_with_fewer_results PASSED [ 38%]
tests/test_evaluation.py::TestPrecisionAtK::test_precision_at_10_all_relevant PASSED [ 38%]
tests/test_evaluation.py::TestPrecisionAtK::test_precision_at_10_none_relevant PASSED [ 39%]
tests/test_evaluation.py::TestPrecisionAtK::test_empty_retrieved_list PASSED [ 39%]
tests/test_evaluation.py::TestPrecisionAtK::test_empty_relevant_set PASSED [ 39%]
tests/test_evaluation.py::TestPrecisionAtK::test_k_zero_returns_zero PASSED [ 39%]
tests/test_evaluation.py::TestPrecisionAtK::test_k_negative_returns_zero PASSED [ 39%]
tests/test_evaluation.py::TestRecallAtK::test_perfect_recall_at_1_single_relevant PASSED [ 40%]
tests/test_evaluation.py::TestRecallAtK::test_zero_recall_at_1 PASSED    [ 40%]
tests/test_evaluation.py::TestRecallAtK::test_recall_at_3 PASSED         [ 40%]
tests/test_evaluation.py::TestRecallAtK::test_recall_at_5 PASSED         [ 40%]
tests/test_evaluation.py::TestRecallAtK::test_recall_at_10_all_relevant_found PASSED [ 40%]
tests/test_evaluation.py::TestRecallAtK::test_recall_at_10_partial PASSED [ 40%]
tests/test_evaluation.py::TestRecallAtK::test_empty_relevant_returns_zero PASSED [ 41%]
tests/test_evaluation.py::TestRecallAtK::test_empty_retrieved_returns_zero PASSED [ 41%]
tests/test_evaluation.py::TestRecallAtK::test_k_zero_returns_zero PASSED [ 41%]
tests/test_evaluation.py::TestRecallAtK::test_k_negative_returns_zero PASSED [ 41%]
tests/test_evaluation.py::TestRecallAtK::test_recall_increases_with_k PASSED [ 41%]
tests/test_evaluation.py::TestReciprocalRank::test_first_result_relevant PASSED [ 42%]
tests/test_evaluation.py::TestReciprocalRank::test_second_result_relevant PASSED [ 42%]
tests/test_evaluation.py::TestReciprocalRank::test_third_result_relevant PASSED [ 42%]
tests/test_evaluation.py::TestReciprocalRank::test_no_relevant_found PASSED [ 42%]
tests/test_evaluation.py::TestReciprocalRank::test_empty_retrieved PASSED [ 42%]
tests/test_evaluation.py::TestReciprocalRank::test_empty_relevant PASSED [ 43%]
tests/test_evaluation.py::TestReciprocalRank::test_multiple_relevant_uses_first PASSED [ 43%]
tests/test_evaluation.py::TestMeanReciprocalRank::test_single_query_perfect PASSED [ 43%]
tests/test_evaluation.py::TestMeanReciprocalRank::test_single_query_second_rank PASSED [ 43%]
tests/test_evaluation.py::TestMeanReciprocalRank::test_multiple_queries PASSED [ 43%]
tests/test_evaluation.py::TestMeanReciprocalRank::test_no_queries PASSED [ 44%]
tests/test_evaluation.py::TestMeanReciprocalRank::test_all_queries_no_relevant PASSED [ 44%]
tests/test_evaluation.py::TestMeanReciprocalRank::test_mixed_found_and_not_found PASSED [ 44%]
tests/test_evaluation.py::TestMeasureLatency::test_positive_latency PASSED [ 44%]
tests/test_evaluation.py::TestMeasureLatency::test_zero_duration PASSED  [ 44%]
tests/test_evaluation.py::TestMeasureLatency::test_known_duration PASSED [ 45%]
tests/test_evaluation.py::TestMeasureLatency::test_small_duration PASSED [ 45%]
tests/test_evaluation.py::TestEvaluateSingleQuery::test_perfect_retrieval PASSED [ 45%]
tests/test_evaluation.py::TestEvaluateSingleQuery::test_no_relevant_retrieval PASSED [ 45%]
tests/test_evaluation.py::TestEvaluateSingleQuery::test_all_k_values_present PASSED [ 45%]
tests/test_evaluation.py::TestEvaluateSingleQuery::test_default_latency_zero PASSED [ 45%]
tests/test_evaluation.py::TestEvaluateRetrieval::test_empty_queries PASSED [ 46%]
tests/test_evaluation.py::TestEvaluateRetrieval::test_single_query PASSED [ 46%]
tests/test_evaluation.py::TestEvaluateRetrieval::test_multiple_queries_averaged PASSED [ 46%]
tests/test_evaluation.py::TestEvaluateRetrieval::test_latencies_averaged PASSED [ 46%]
tests/test_evaluation.py::TestEvaluateRetrieval::test_no_latencies_provided PASSED [ 46%]
tests/test_evaluation.py::TestEvaluateRetrieval::test_result_values_bounded PASSED [ 47%]
tests/test_evaluation.py::TestEvaluationResult::test_default_values PASSED [ 47%]
tests/test_evaluation.py::TestEvaluationResult::test_custom_values PASSED [ 47%]
tests/test_hybrid_retriever.py::TestHybridRetrieverInit::test_default_rrf_k PASSED [ 47%]
tests/test_hybrid_retriever.py::TestHybridRetrieverInit::test_custom_rrf_k PASSED [ 47%]
tests/test_hybrid_retriever.py::TestHybridRetrieverInit::test_rrf_k_minimum_one PASSED [ 48%]
tests/test_hybrid_retriever.py::TestHybridRetrieverInit::test_rrf_k_below_minimum_raises PASSED [ 48%]
tests/test_hybrid_retriever.py::TestHybridRetrieverInit::test_rrf_k_negative_raises PASSED [ 48%]
tests/test_hybrid_retriever.py::TestReciprocalRankFusion::test_empty_both_lists PASSED [ 48%]
tests/test_hybrid_retriever.py::TestReciprocalRankFusion::test_empty_bm25_list PASSED [ 48%]
tests/test_hybrid_retriever.py::TestReciprocalRankFusion::test_empty_semantic_list PASSED [ 49%]
tests/test_hybrid_retriever.py::TestReciprocalRankFusion::test_rrf_score_formula PASSED [ 49%]
tests/test_hybrid_retriever.py::TestReciprocalRankFusion::test_rrf_score_different_ranks PASSED [ 49%]
tests/test_hybrid_retriever.py::TestReciprocalRankFusion::test_results_sorted_descending PASSED [ 49%]
tests/test_hybrid_retriever.py::TestReciprocalRankFusion::test_provenance_metadata_bm25_rank PASSED [ 49%]
tests/test_hybrid_retriever.py::TestReciprocalRankFusion::test_provenance_metadata_semantic_rank PASSED [ 50%]
tests/test_hybrid_retriever.py::TestReciprocalRankFusion::test_provenance_metadata_both_ranks PASSED [ 50%]
tests/test_hybrid_retriever.py::TestReciprocalRankFusion::test_alpha_one_uses_only_bm25 PASSED [ 50%]
tests/test_hybrid_retriever.py::TestReciprocalRankFusion::test_alpha_zero_uses_only_semantic PASSED [ 50%]
tests/test_hybrid_retriever.py::TestReciprocalRankFusion::test_document_in_both_lists_scores_higher PASSED [ 50%]
tests/test_hybrid_retriever.py::TestReciprocalRankFusion::test_context_snippet_populated PASSED [ 50%]
tests/test_hybrid_retriever.py::TestReciprocalRankFusion::test_custom_rrf_k_affects_scores PASSED [ 51%]
tests/test_hybrid_retriever.py::TestReciprocalRankFusion::test_all_scores_positive PASSED [ 51%]
tests/test_hybrid_retriever.py::TestHybridRetrieverRetrieve::test_basic_retrieve PASSED [ 51%]
tests/test_hybrid_retriever.py::TestHybridRetrieverRetrieve::test_retrieve_respects_top_k PASSED [ 51%]
tests/test_hybrid_retriever.py::TestHybridRetrieverRetrieve::test_retrieve_calls_with_3x_top_k PASSED [ 51%]
tests/test_hybrid_retriever.py::TestHybridRetrieverRetrieve::test_retrieve_invalid_alpha_high PASSED [ 52%]
tests/test_hybrid_retriever.py::TestHybridRetrieverRetrieve::test_retrieve_invalid_alpha_low PASSED [ 52%]
tests/test_hybrid_retriever.py::TestHybridRetrieverRetrieve::test_retrieve_invalid_top_k PASSED [ 52%]
tests/test_hybrid_retriever.py::TestHybridRetrieverRetrieve::test_retrieve_sorted_descending PASSED [ 52%]
tests/test_hybrid_retriever.py::TestHybridRetrieverRetrieve::test_retrieve_uses_expanded_terms_for_bm25 PASSED [ 52%]
tests/test_hybrid_retriever.py::TestHybridRetrieverRetrieve::test_retrieve_uses_embedding_for_semantic PASSED [ 53%]
tests/test_hybrid_retriever.py::TestGracefulDegradation::test_bm25_failure_uses_semantic_only PASSED [ 53%]
tests/test_hybrid_retriever.py::TestGracefulDegradation::test_semantic_failure_uses_bm25_only PASSED [ 53%]
tests/test_hybrid_retriever.py::TestGracefulDegradation::test_both_fail_returns_empty PASSED [ 53%]
tests/test_hybrid_retriever.py::TestGracefulDegradation::test_empty_embedding_skips_semantic PASSED [ 53%]
tests/test_hybrid_retriever.py::TestRRFMonotonicity::test_monotonicity_both_lists PASSED [ 54%]
tests/test_hybrid_retriever.py::TestRRFMonotonicity::test_monotonicity_various_alphas PASSED [ 54%]
tests/test_hybrid_retriever.py::TestAlphaWeighting::test_alpha_0_5_equal_weight PASSED [ 54%]
tests/test_hybrid_retriever.py::TestAlphaWeighting::test_alpha_high_favors_bm25 PASSED [ 54%]
tests/test_hybrid_retriever.py::TestAlphaWeighting::test_alpha_low_favors_semantic PASSED [ 54%]
tests/test_ingestion.py::TestDetectLanguage::test_detect_python PASSED   [ 55%]
tests/test_ingestion.py::TestDetectLanguage::test_detect_typescript PASSED [ 55%]
tests/test_ingestion.py::TestDetectLanguage::test_detect_tsx PASSED      [ 55%]
tests/test_ingestion.py::TestDetectLanguage::test_detect_javascript PASSED [ 55%]
tests/test_ingestion.py::TestDetectLanguage::test_detect_jsx PASSED      [ 55%]
tests/test_ingestion.py::TestDetectLanguage::test_detect_php PASSED      [ 55%]
tests/test_ingestion.py::TestDetectLanguage::test_detect_go PASSED       [ 56%]
tests/test_ingestion.py::TestDetectLanguage::test_unsupported_extension PASSED [ 56%]
tests/test_ingestion.py::TestDetectLanguage::test_no_extension PASSED    [ 56%]
tests/test_ingestion.py::TestDetectLanguage::test_case_insensitive_extension PASSED [ 56%]
tests/test_ingestion.py::TestIsBinary::test_text_file_is_not_binary PASSED [ 56%]
tests/test_ingestion.py::TestIsBinary::test_binary_file_with_null_bytes PASSED [ 57%]
tests/test_ingestion.py::TestIsBinary::test_empty_file_is_not_binary PASSED [ 57%]
tests/test_ingestion.py::TestIsBinary::test_nonexistent_file_treated_as_binary PASSED [ 57%]
tests/test_ingestion.py::TestMatchesExclusion::test_matches_node_modules PASSED [ 57%]
tests/test_ingestion.py::TestMatchesExclusion::test_matches_pycache PASSED [ 57%]
tests/test_ingestion.py::TestMatchesExclusion::test_matches_git_directory PASSED [ 58%]
tests/test_ingestion.py::TestMatchesExclusion::test_matches_pyc_extension PASSED [ 58%]
tests/test_ingestion.py::TestMatchesExclusion::test_matches_min_js PASSED [ 58%]
tests/test_ingestion.py::TestMatchesExclusion::test_matches_dist_directory PASSED [ 58%]
tests/test_ingestion.py::TestMatchesExclusion::test_does_not_match_source_file PASSED [ 58%]
tests/test_ingestion.py::TestMatchesExclusion::test_does_not_match_normal_js PASSED [ 59%]
tests/test_ingestion.py::TestMatchesExclusion::test_custom_pattern PASSED [ 59%]
tests/test_ingestion.py::TestContainsSecrets::test_detects_api_key PASSED [ 59%]
tests/test_ingestion.py::TestContainsSecrets::test_detects_private_key PASSED [ 59%]
tests/test_ingestion.py::TestContainsSecrets::test_detects_rsa_private_key PASSED [ 59%]
tests/test_ingestion.py::TestContainsSecrets::test_detects_aws_credentials PASSED [ 60%]
tests/test_ingestion.py::TestContainsSecrets::test_detects_password_assignment PASSED [ 60%]
tests/test_ingestion.py::TestContainsSecrets::test_safe_file_no_secrets PASSED [ 60%]
tests/test_ingestion.py::TestContainsSecrets::test_nonexistent_file_no_secrets PASSED [ 60%]
tests/test_ingestion.py::TestContainsSecrets::test_short_values_not_flagged PASSED [ 60%]
tests/test_ingestion.py::TestWalkRepository::test_finds_supported_language_files PASSED [ 60%]
tests/test_ingestion.py::TestWalkRepository::test_finds_unsupported_files_as_plaintext PASSED [ 61%]
tests/test_ingestion.py::TestWalkRepository::test_skips_binary_files PASSED [ 61%]
tests/test_ingestion.py::TestWalkRepository::test_skips_excluded_directories PASSED [ 61%]
tests/test_ingestion.py::TestWalkRepository::test_skips_secret_files PASSED [ 61%]
tests/test_ingestion.py::TestWalkRepository::test_skips_env_files_by_name PASSED [ 61%]
tests/test_ingestion.py::TestWalkRepository::test_relative_paths_use_forward_slashes PASSED [ 62%]
tests/test_ingestion.py::TestWalkRepository::test_file_content_is_populated PASSED [ 62%]
tests/test_ingestion.py::TestWalkRepository::test_nonexistent_path_raises_error PASSED [ 62%]
tests/test_ingestion.py::TestWalkRepository::test_file_path_raises_error PASSED [ 62%]
tests/test_ingestion.py::TestWalkRepository::test_custom_exclusion_patterns PASSED [ 62%]
tests/test_ingestion.py::TestWalkRepository::test_empty_repository PASSED [ 63%]
tests/test_ingestion.py::TestWalkRepository::test_skips_empty_files PASSED [ 63%]
tests/test_ingestion.py::TestIngestionConfig::test_default_languages PASSED [ 63%]
tests/test_ingestion.py::TestIngestionConfig::test_default_exclusions PASSED [ 63%]
tests/test_ingestion.py::TestIngestionConfig::test_default_chunk_settings PASSED [ 63%]
tests/test_ingestion.py::TestIngestionConfig::test_custom_config PASSED  [ 64%]
tests/test_ingestion_pipeline.py::TestIngestRepositoryBasic::test_returns_ingestion_stats PASSED [ 64%]
tests/test_ingestion_pipeline.py::TestIngestRepositoryBasic::test_walks_repository PASSED [ 64%]
tests/test_ingestion_pipeline.py::TestIngestRepositoryBasic::test_chunks_each_file PASSED [ 64%]
tests/test_ingestion_pipeline.py::TestIngestRepositoryBasic::test_generates_embeddings PASSED [ 64%]
tests/test_ingestion_pipeline.py::TestIngestRepositoryBasic::test_builds_bm25_index PASSED [ 65%]
tests/test_ingestion_pipeline.py::TestIngestRepositoryIdempotent::test_deletes_existing_chunks_before_insert PASSED [ 65%]
tests/test_ingestion_pipeline.py::TestIngestRepositoryIdempotent::test_inserts_chunks_with_embeddings PASSED [ 65%]
tests/test_ingestion_pipeline.py::TestIngestRepositoryIdempotent::test_same_content_produces_same_result PASSED [ 65%]
tests/test_ingestion_pipeline.py::TestIngestRepositoryEdgeCases::test_empty_repository PASSED [ 65%]
tests/test_ingestion_pipeline.py::TestIngestRepositoryEdgeCases::test_no_chunks_from_files PASSED [ 65%]
tests/test_ingestion_pipeline.py::TestIngestRepositoryEdgeCases::test_nonexistent_path_raises_error PASSED [ 66%]
tests/test_ingestion_pipeline.py::TestIngestRepositoryEdgeCases::test_file_path_raises_error PASSED [ 66%]
tests/test_ingestion_pipeline.py::TestIngestRepositoryEdgeCases::test_uses_custom_config PASSED [ 66%]
tests/test_ingestion_pipeline.py::TestIngestRepositoryEdgeCases::test_unsupported_language_uses_python_default PASSED [ 66%]
tests/test_ingestion_pipeline.py::TestIngestRepositoryMissingDependencies::test_missing_chunker_raises_error PASSED [ 66%]
tests/test_ingestion_pipeline.py::TestIngestRepositoryMissingDependencies::test_missing_semantic_retriever_raises_error PASSED [ 67%]
tests/test_ingestion_pipeline.py::TestIngestRepositoryMissingDependencies::test_missing_bm25_engine_raises_error PASSED [ 67%]
tests/test_ingestion_pipeline.py::TestIngestRepositoryMissingDependencies::test_missing_supabase_raises_error PASSED [ 67%]
tests/test_ingestion_pipeline.py::TestStoreChunks::test_batch_insertion PASSED [ 67%]
tests/test_ingestion_pipeline.py::TestStoreChunks::test_chunk_row_contains_embedding PASSED [ 67%]
tests/test_ingestion_pipeline.py::TestStoreChunks::test_chunk_row_contains_metadata PASSED [ 68%]
tests/test_models.py::TestCodeChunkValidation::test_valid_chunk_creation PASSED [ 68%]
tests/test_models.py::TestCodeChunkValidation::test_content_must_be_non_empty PASSED [ 68%]
tests/test_models.py::TestCodeChunkValidation::test_content_whitespace_only_rejected PASSED [ 68%]
tests/test_models.py::TestCodeChunkValidation::test_start_line_must_be_at_least_1 PASSED [ 68%]
tests/test_models.py::TestCodeChunkValidation::test_negative_start_line_rejected PASSED [ 69%]
tests/test_models.py::TestCodeChunkValidation::test_start_line_must_be_lte_end_line PASSED [ 69%]
tests/test_models.py::TestCodeChunkValidation::test_start_line_equals_end_line_valid PASSED [ 69%]
tests/test_models.py::TestCodeChunkValidation::test_file_path_rejects_absolute_unix PASSED [ 69%]
tests/test_models.py::TestCodeChunkValidation::test_file_path_rejects_absolute_windows PASSED [ 69%]
tests/test_models.py::TestCodeChunkValidation::test_file_path_rejects_path_traversal PASSED [ 70%]
tests/test_models.py::TestCodeChunkValidation::test_file_path_rejects_leading_dotdot PASSED [ 70%]
tests/test_models.py::TestCodeChunkValidation::test_file_path_accepts_dots_in_filename PASSED [ 70%]
tests/test_models.py::TestCodeChunkValidation::test_file_path_accepts_nested_relative_path PASSED [ 70%]
tests/test_models.py::TestCodeChunkValidation::test_file_path_rejects_empty PASSED [ 70%]
tests/test_models.py::TestCodeChunkValidation::test_language_must_be_supported PASSED [ 70%]
tests/test_models.py::TestCodeChunkValidation::test_all_supported_languages_accepted PASSED [ 71%]
tests/test_models.py::TestCodeChunkValidation::test_language_case_insensitive PASSED [ 71%]
tests/test_models.py::TestCodeChunkValidation::test_chunk_type_enum_values PASSED [ 71%]
tests/test_models.py::TestChunkMetadata::test_defaults_are_empty PASSED  [ 71%]
tests/test_models.py::TestChunkMetadata::test_full_metadata PASSED       [ 71%]
tests/test_models.py::TestQueryModels::test_query_intent_values PASSED   [ 72%]
tests/test_models.py::TestQueryModels::test_processed_query_minimal PASSED [ 72%]
tests/test_models.py::TestQueryModels::test_query_filters_defaults PASSED [ 72%]
tests/test_models.py::TestQueryModels::test_query_filters_with_values PASSED [ 72%]
tests/test_models.py::TestRetrievalModels::test_scored_chunk_valid PASSED [ 72%]
tests/test_models.py::TestRetrievalModels::test_scored_chunk_rejects_negative_score PASSED [ 73%]
tests/test_models.py::TestRetrievalModels::test_retrieval_result_valid PASSED [ 73%]
tests/test_models.py::TestRetrievalModels::test_retrieval_result_rejects_zero_fused_score PASSED [ 73%]
tests/test_models.py::TestRetrievalModels::test_retrieval_result_rejects_negative_fused_score PASSED [ 73%]
tests/test_models.py::TestRetrievalModels::test_retrieval_result_null_ranks PASSED [ 73%]
tests/test_models.py::TestAnswerModels::test_source_reference_valid PASSED [ 74%]
tests/test_models.py::TestAnswerModels::test_source_reference_rejects_invalid_relevance PASSED [ 74%]
tests/test_models.py::TestAnswerModels::test_grounded_answer_valid PASSED [ 74%]
tests/test_models.py::TestAnswerModels::test_grounded_answer_confidence_bounds PASSED [ 74%]
tests/test_models.py::TestAnswerModels::test_grounded_answer_zero_confidence PASSED [ 74%]
tests/test_process_query.py::TestProcessQueryValidation::test_empty_string_raises_value_error PASSED [ 75%]
tests/test_process_query.py::TestProcessQueryValidation::test_whitespace_only_raises_value_error PASSED [ 75%]
tests/test_process_query.py::TestProcessQueryValidation::test_exceeds_1000_chars_raises_value_error PASSED [ 75%]
tests/test_process_query.py::TestProcessQueryValidation::test_valid_question_does_not_raise PASSED [ 75%]
tests/test_process_query.py::TestProcessQueryNormalization::test_trims_leading_whitespace PASSED [ 75%]
tests/test_process_query.py::TestProcessQueryNormalization::test_trims_trailing_whitespace PASSED [ 75%]
tests/test_process_query.py::TestProcessQueryNormalization::test_trims_both_sides PASSED [ 76%]
tests/test_process_query.py::TestProcessQueryIntentClassification::test_debugging_intent PASSED [ 76%]
tests/test_process_query.py::TestProcessQueryIntentClassification::test_api_usage_intent PASSED [ 76%]
tests/test_process_query.py::TestProcessQueryIntentClassification::test_architecture_intent PASSED [ 76%]
tests/test_process_query.py::TestProcessQueryIntentClassification::test_documentation_intent PASSED [ 76%]
tests/test_process_query.py::TestProcessQueryIntentClassification::test_code_lookup_intent PASSED [ 77%]
tests/test_process_query.py::TestProcessQueryIntentClassification::test_default_code_lookup PASSED [ 77%]
tests/test_process_query.py::TestProcessQueryExpansion::test_expanded_terms_non_empty PASSED [ 77%]
tests/test_process_query.py::TestProcessQueryExpansion::test_expanded_terms_contains_base_tokens PASSED [ 77%]
tests/test_process_query.py::TestProcessQueryExpansion::test_code_lookup_adds_patterns PASSED [ 77%]
tests/test_process_query.py::TestProcessQueryExpansion::test_api_usage_adds_patterns PASSED [ 78%]
tests/test_process_query.py::TestProcessQueryEmbedding::test_no_retriever_returns_empty_embedding PASSED [ 78%]
tests/test_process_query.py::TestProcessQueryEmbedding::test_with_retriever_returns_embedding PASSED [ 78%]
tests/test_process_query.py::TestProcessQueryEmbedding::test_retriever_called_with_normalized_question PASSED [ 78%]
tests/test_process_query.py::TestProcessQueryLexicalQuery::test_lexical_query_non_empty PASSED [ 78%]
tests/test_process_query.py::TestProcessQueryLexicalQuery::test_lexical_query_is_string PASSED [ 79%]
tests/test_process_query.py::TestProcessQueryLexicalQuery::test_lexical_query_built_from_expanded_terms PASSED [ 79%]
tests/test_process_query.py::TestProcessQueryLexicalQuery::test_lexical_query_contains_base_tokens PASSED [ 79%]
tests/test_process_query.py::TestProcessQueryFilters::test_no_context_returns_empty_filters PASSED [ 79%]
tests/test_process_query.py::TestProcessQueryFilters::test_none_context_returns_empty_filters PASSED [ 79%]
tests/test_process_query.py::TestProcessQueryFilters::test_context_filters_passed_through PASSED [ 80%]
tests/test_process_query.py::TestProcessQueryFilters::test_context_with_repo_ids PASSED [ 80%]
tests/test_process_query.py::TestProcessQueryFilters::test_context_with_file_patterns PASSED [ 80%]
tests/test_process_query.py::TestProcessQueryReturnType::test_returns_processed_query_instance PASSED [ 80%]
tests/test_process_query.py::TestProcessQueryReturnType::test_all_fields_populated PASSED [ 80%]
tests/test_process_query.py::TestProcessQueryReturnType::test_original_question_preserved PASSED [ 80%]
tests/test_query_processor.py::TestClassifyIntentValidation::test_empty_string_raises_value_error PASSED [ 81%]
tests/test_query_processor.py::TestClassifyIntentValidation::test_whitespace_only_raises_value_error PASSED [ 81%]
tests/test_query_processor.py::TestClassifyIntentValidation::test_exceeds_1000_chars_raises_value_error PASSED [ 81%]
tests/test_query_processor.py::TestClassifyIntentValidation::test_exactly_1000_chars_does_not_raise PASSED [ 81%]
tests/test_query_processor.py::TestClassifyIntentValidation::test_single_char_question_valid PASSED [ 81%]
tests/test_query_processor.py::TestClassifyIntentDebugging::test_bug_keyword PASSED [ 82%]
tests/test_query_processor.py::TestClassifyIntentDebugging::test_error_keyword PASSED [ 82%]
tests/test_query_processor.py::TestClassifyIntentDebugging::test_fix_keyword PASSED [ 82%]
tests/test_query_processor.py::TestClassifyIntentDebugging::test_crash_keyword PASSED [ 82%]
tests/test_query_processor.py::TestClassifyIntentDebugging::test_debug_keyword PASSED [ 82%]
tests/test_query_processor.py::TestClassifyIntentDebugging::test_issue_keyword PASSED [ 83%]
tests/test_query_processor.py::TestClassifyIntentAPIUsage::test_api_keyword PASSED [ 83%]
tests/test_query_processor.py::TestClassifyIntentAPIUsage::test_endpoint_keyword PASSED [ 83%]
tests/test_query_processor.py::TestClassifyIntentAPIUsage::test_request_keyword PASSED [ 83%]
tests/test_query_processor.py::TestClassifyIntentAPIUsage::test_route_keyword PASSED [ 83%]
tests/test_query_processor.py::TestClassifyIntentAPIUsage::test_http_keyword PASSED [ 84%]
tests/test_query_processor.py::TestClassifyIntentAPIUsage::test_rest_keyword PASSED [ 84%]
tests/test_query_processor.py::TestClassifyIntentArchitecture::test_architecture_keyword PASSED [ 84%]
tests/test_query_processor.py::TestClassifyIntentArchitecture::test_structure_keyword PASSED [ 84%]
tests/test_query_processor.py::TestClassifyIntentArchitecture::test_module_keyword PASSED [ 84%]
tests/test_query_processor.py::TestClassifyIntentArchitecture::test_dependency_keyword PASSED [ 85%]
tests/test_query_processor.py::TestClassifyIntentArchitecture::test_design_keyword PASSED [ 85%]
tests/test_query_processor.py::TestClassifyIntentDocumentation::test_document_keyword PASSED [ 85%]
tests/test_query_processor.py::TestClassifyIntentDocumentation::test_explain_keyword PASSED [ 85%]
tests/test_query_processor.py::TestClassifyIntentDocumentation::test_how_does_keyword PASSED [ 85%]
tests/test_query_processor.py::TestClassifyIntentDocumentation::test_what_is_keyword PASSED [ 85%]
tests/test_query_processor.py::TestClassifyIntentDocumentation::test_describe_keyword PASSED [ 86%]
tests/test_query_processor.py::TestClassifyIntentCodeLookup::test_find_keyword PASSED [ 86%]
tests/test_query_processor.py::TestClassifyIntentCodeLookup::test_where_is_keyword PASSED [ 86%]
tests/test_query_processor.py::TestClassifyIntentCodeLookup::test_show_me_keyword PASSED [ 86%]
tests/test_query_processor.py::TestClassifyIntentCodeLookup::test_function_keyword PASSED [ 86%]
tests/test_query_processor.py::TestClassifyIntentCodeLookup::test_class_keyword PASSED [ 87%]
tests/test_query_processor.py::TestClassifyIntentDefault::test_no_matching_keywords_defaults_to_code_lookup PASSED [ 87%]
tests/test_query_processor.py::TestClassifyIntentDefault::test_random_identifier_defaults_to_code_lookup PASSED [ 87%]
tests/test_query_processor.py::TestClassifyIntentDefault::test_generic_question_defaults_to_code_lookup PASSED [ 87%]
tests/test_query_processor.py::TestClassifyIntentDeterminism::test_same_input_same_output PASSED [ 87%]
tests/test_query_processor.py::TestClassifyIntentDeterminism::test_case_insensitive PASSED [ 88%]
tests/test_query_processor.py::TestClassifyIntentPriority::test_debugging_takes_priority_over_api PASSED [ 88%]
tests/test_query_processor.py::TestClassifyIntentPriority::test_debugging_takes_priority_over_documentation PASSED [ 88%]
tests/test_query_processor.py::TestClassifyIntentPriority::test_api_takes_priority_over_architecture PASSED [ 88%]
tests/test_query_processor.py::TestClassifyIntentPriority::test_api_takes_priority_over_documentation PASSED [ 88%]
tests/test_query_processor.py::TestExpandQueryBaseTokens::test_base_tokens_included_for_code_lookup PASSED [ 89%]
tests/test_query_processor.py::TestExpandQueryBaseTokens::test_base_tokens_included_for_api_usage PASSED [ 89%]
tests/test_query_processor.py::TestExpandQueryBaseTokens::test_base_tokens_included_for_documentation PASSED [ 89%]
tests/test_query_processor.py::TestExpandQueryBaseTokens::test_base_tokens_included_for_architecture PASSED [ 89%]
tests/test_query_processor.py::TestExpandQueryBaseTokens::test_base_tokens_included_for_debugging PASSED [ 89%]
tests/test_query_processor.py::TestExpandQueryBaseTokens::test_returns_list PASSED [ 90%]
tests/test_query_processor.py::TestExpandQueryCodeLookup::test_adds_def_pattern PASSED [ 90%]
tests/test_query_processor.py::TestExpandQueryCodeLookup::test_adds_function_pattern PASSED [ 90%]
tests/test_query_processor.py::TestExpandQueryCodeLookup::test_adds_func_pattern PASSED [ 90%]
tests/test_query_processor.py::TestExpandQueryCodeLookup::test_adds_class_pattern PASSED [ 90%]
tests/test_query_processor.py::TestExpandQueryCodeLookup::test_adds_call_pattern PASSED [ 90%]
tests/test_query_processor.py::TestExpandQueryCodeLookup::test_expands_each_base_token PASSED [ 91%]
tests/test_query_processor.py::TestExpandQueryAPIUsage::test_adds_app_get_pattern PASSED [ 91%]
tests/test_query_processor.py::TestExpandQueryAPIUsage::test_adds_app_post_pattern PASSED [ 91%]
tests/test_query_processor.py::TestExpandQueryAPIUsage::test_adds_router_pattern PASSED [ 91%]
tests/test_query_processor.py::TestExpandQueryAPIUsage::test_adds_endpoint_pattern PASSED [ 91%]
tests/test_query_processor.py::TestExpandQueryAPIUsage::test_expands_each_base_token PASSED [ 92%]
tests/test_query_processor.py::TestExpandQueryDocumentation::test_adds_readme PASSED [ 92%]
tests/test_query_processor.py::TestExpandQueryDocumentation::test_adds_docs PASSED [ 92%]
tests/test_query_processor.py::TestExpandQueryDocumentation::test_adds_guide PASSED [ 92%]
tests/test_query_processor.py::TestExpandQueryDocumentation::test_adds_tutorial PASSED [ 92%]
tests/test_query_processor.py::TestExpandQueryDocumentation::test_adds_example PASSED [ 93%]
tests/test_query_processor.py::TestExpandQueryDocumentation::test_does_not_add_function_patterns PASSED [ 93%]
tests/test_query_processor.py::TestExpandQueryArchitecture::test_adds_import PASSED [ 93%]
tests/test_query_processor.py::TestExpandQueryArchitecture::test_adds_module PASSED [ 93%]
tests/test_query_processor.py::TestExpandQueryArchitecture::test_adds_package PASSED [ 93%]
tests/test_query_processor.py::TestExpandQueryArchitecture::test_adds_dependency PASSED [ 94%]
tests/test_query_processor.py::TestExpandQueryArchitecture::test_adds_config PASSED [ 94%]
tests/test_query_processor.py::TestExpandQueryArchitecture::test_does_not_add_http_patterns PASSED [ 94%]
tests/test_query_processor.py::TestExpandQueryDebugging::test_only_base_tokens PASSED [ 94%]
tests/test_query_processor.py::TestExpandQueryDebugging::test_no_function_patterns PASSED [ 94%]
tests/test_query_processor.py::TestExpandQueryDebugging::test_no_api_patterns PASSED [ 95%]
tests/test_semantic_retriever.py::TestEmbedQuery::test_embed_query_returns_list_of_floats PASSED [ 95%]
tests/test_semantic_retriever.py::TestEmbedQuery::test_embed_query_calls_model_with_query_text PASSED [ 95%]
tests/test_semantic_retriever.py::TestEmbedQuery::test_embed_query_raises_embedding_error_on_failure PASSED [ 95%]
tests/test_semantic_retriever.py::TestEmbedQuery::test_embed_query_preserves_vector_values PASSED [ 95%]
tests/test_semantic_retriever.py::TestEmbedChunks::test_embed_chunks_returns_embeddings_for_all_chunks PASSED [ 95%]
tests/test_semantic_retriever.py::TestEmbedChunks::test_embed_chunks_empty_list_returns_empty PASSED [ 96%]
tests/test_semantic_retriever.py::TestEmbedChunks::test_embed_chunks_passes_content_to_model PASSED [ 96%]
tests/test_semantic_retriever.py::TestEmbedChunks::test_embed_chunks_batches_large_input PASSED [ 96%]
tests/test_semantic_retriever.py::TestEmbedChunks::test_embed_chunks_raises_embedding_error_on_failure PASSED [ 96%]
tests/test_semantic_retriever.py::TestEmbedChunks::test_embed_chunks_single_chunk PASSED [ 96%]
tests/test_semantic_retriever.py::TestSearch::test_search_returns_scored_chunks PASSED [ 97%]
tests/test_semantic_retriever.py::TestSearch::test_search_calls_rpc_with_correct_params PASSED [ 97%]
tests/test_semantic_retriever.py::TestSearch::test_search_excludes_negative_similarity PASSED [ 97%]
tests/test_semantic_retriever.py::TestSearch::test_search_returns_empty_list_when_no_data PASSED [ 97%]
tests/test_semantic_retriever.py::TestSearch::test_search_returns_empty_list_when_data_is_none PASSED [ 97%]
tests/test_semantic_retriever.py::TestSearch::test_search_multiple_results_preserve_order PASSED [ 98%]
tests/test_semantic_retriever.py::TestSearch::test_search_default_top_k_is_20 PASSED [ 98%]
tests/test_semantic_retriever.py::TestInitialization::test_init_with_provided_model PASSED [ 98%]
tests/test_semantic_retriever.py::TestInitialization::test_init_loads_default_model_when_none_provided PASSED [ 98%]
tests/test_semantic_retriever.py::TestInitialization::test_init_raises_embedding_error_when_model_load_fails PASSED [ 98%]
tests/test_tokenizer.py::TestEstimateTokens::test_empty_string_returns_zero PASSED [ 99%]
tests/test_tokenizer.py::TestEstimateTokens::test_single_word PASSED     [ 99%]
tests/test_tokenizer.py::TestEstimateTokens::test_returns_non_negative_integer PASSED [ 99%]
tests/test_tokenizer.py::TestEstimateTokens::test_longer_text_more_tokens PASSED [ 99%]
tests/test_tokenizer.py::TestEstimateTokens::test_code_snippet PASSED    [ 99%]
tests/test_tokenizer.py::TestEstimateTokens::test_whitespace_only_returns_positive PASSED [100%]

============================== warnings summary ===============================
C:\Users\Rama Dev\miniconda3\Lib\site-packages\pyiceberg\expressions\parser.py:72
  C:\Users\Rama Dev\miniconda3\Lib\site-packages\pyiceberg\expressions\parser.py:72: DeprecationWarning: 'enablePackrat' deprecated - use 'enable_packrat'
    ParserElement.enablePackrat()

C:\Users\Rama Dev\miniconda3\Lib\site-packages\pyiceberg\expressions\parser.py:85
  C:\Users\Rama Dev\miniconda3\Lib\site-packages\pyiceberg\expressions\parser.py:85: DeprecationWarning: 'escChar' argument is deprecated, use 'esc_char'
    quoted_identifier = QuotedString('"', escChar="\\", unquoteResults=True)

C:\Users\Rama Dev\miniconda3\Lib\site-packages\pyiceberg\expressions\parser.py:85
  C:\Users\Rama Dev\miniconda3\Lib\site-packages\pyiceberg\expressions\parser.py:85: DeprecationWarning: 'unquoteResults' argument is deprecated, use 'unquote_results'
    quoted_identifier = QuotedString('"', escChar="\\", unquoteResults=True)

C:\Users\Rama Dev\miniconda3\Lib\site-packages\pyiceberg\table\metadata.py:365
  C:\Users\Rama Dev\miniconda3\Lib\site-packages\pyiceberg\table\metadata.py:365: PydanticDeprecatedSince212: Using `@model_validator` with mode='after' on a classmethod is deprecated. Instead, use an instance method. See the documentation at https://docs.pydantic.dev/2.12/concepts/validators/#model-after-validator. Deprecated in Pydantic V2.12 to be removed in V3.0.
    @model_validator(mode="after")

C:\Users\Rama Dev\miniconda3\Lib\site-packages\pyiceberg\table\metadata.py:494
  C:\Users\Rama Dev\miniconda3\Lib\site-packages\pyiceberg\table\metadata.py:494: PydanticDeprecatedSince212: Using `@model_validator` with mode='after' on a classmethod is deprecated. Instead, use an instance method. See the documentation at https://docs.pydantic.dev/2.12/concepts/validators/#model-after-validator. Deprecated in Pydantic V2.12 to be removed in V3.0.
    @model_validator(mode="after")

C:\Users\Rama Dev\miniconda3\Lib\site-packages\pyiceberg\table\metadata.py:498
  C:\Users\Rama Dev\miniconda3\Lib\site-packages\pyiceberg\table\metadata.py:498: PydanticDeprecatedSince212: Using `@model_validator` with mode='after' on a classmethod is deprecated. Instead, use an instance method. See the documentation at https://docs.pydantic.dev/2.12/concepts/validators/#model-after-validator. Deprecated in Pydantic V2.12 to be removed in V3.0.
    @model_validator(mode="after")

C:\Users\Rama Dev\miniconda3\Lib\site-packages\pyiceberg\table\metadata.py:502
  C:\Users\Rama Dev\miniconda3\Lib\site-packages\pyiceberg\table\metadata.py:502: PydanticDeprecatedSince212: Using `@model_validator` with mode='after' on a classmethod is deprecated. Instead, use an instance method. See the documentation at https://docs.pydantic.dev/2.12/concepts/validators/#model-after-validator. Deprecated in Pydantic V2.12 to be removed in V3.0.
    @model_validator(mode="after")

C:\Users\Rama Dev\miniconda3\Lib\site-packages\pyiceberg\table\metadata.py:506
  C:\Users\Rama Dev\miniconda3\Lib\site-packages\pyiceberg\table\metadata.py:506: PydanticDeprecatedSince212: Using `@model_validator` with mode='after' on a classmethod is deprecated. Instead, use an instance method. See the documentation at https://docs.pydantic.dev/2.12/concepts/validators/#model-after-validator. Deprecated in Pydantic V2.12 to be removed in V3.0.
    @model_validator(mode="after")

C:\Users\Rama Dev\miniconda3\Lib\site-packages\pyiceberg\table\metadata.py:538
  C:\Users\Rama Dev\miniconda3\Lib\site-packages\pyiceberg\table\metadata.py:538: PydanticDeprecatedSince212: Using `@model_validator` with mode='after' on a classmethod is deprecated. Instead, use an instance method. See the documentation at https://docs.pydantic.dev/2.12/concepts/validators/#model-after-validator. Deprecated in Pydantic V2.12 to be removed in V3.0.
    @model_validator(mode="after")

C:\Users\Rama Dev\miniconda3\Lib\site-packages\pyiceberg\table\metadata.py:542
  C:\Users\Rama Dev\miniconda3\Lib\site-packages\pyiceberg\table\metadata.py:542: PydanticDeprecatedSince212: Using `@model_validator` with mode='after' on a classmethod is deprecated. Instead, use an instance method. See the documentation at https://docs.pydantic.dev/2.12/concepts/validators/#model-after-validator. Deprecated in Pydantic V2.12 to be removed in V3.0.
    @model_validator(mode="after")

C:\Users\Rama Dev\miniconda3\Lib\site-packages\pyiceberg\table\metadata.py:546
  C:\Users\Rama Dev\miniconda3\Lib\site-packages\pyiceberg\table\metadata.py:546: PydanticDeprecatedSince212: Using `@model_validator` with mode='after' on a classmethod is deprecated. Instead, use an instance method. See the documentation at https://docs.pydantic.dev/2.12/concepts/validators/#model-after-validator. Deprecated in Pydantic V2.12 to be removed in V3.0.
    @model_validator(mode="after")

C:\Users\Rama Dev\miniconda3\Lib\site-packages\pyiceberg\table\metadata.py:550
  C:\Users\Rama Dev\miniconda3\Lib\site-packages\pyiceberg\table\metadata.py:550: PydanticDeprecatedSince212: Using `@model_validator` with mode='after' on a classmethod is deprecated. Instead, use an instance method. See the documentation at https://docs.pydantic.dev/2.12/concepts/validators/#model-after-validator. Deprecated in Pydantic V2.12 to be removed in V3.0.
    @model_validator(mode="after")

-- Docs: https://docs.pytest.org/en/stable/how-to/capture-warnings.html
====================== 520 passed, 12 warnings in 16.66s ======================
